c:\others\assistance\or bovan\2019-12-25\hw2\release\cg.ipdb
c:\others\assistance\or bovan\2019-12-25\hw2\release\cg.iobj
c:\others\assistance\or bovan\2019-12-25\hw2\cg\release\vc141.pdb
c:\others\assistance\or bovan\2019-12-25\hw2\cg\release\utils.obj
c:\others\assistance\or bovan\2019-12-25\hw2\cg\release\scene.obj
c:\others\assistance\or bovan\2019-12-25\hw2\cg\release\renderer.obj
c:\others\assistance\or bovan\2019-12-25\hw2\cg\release\obj.obj
c:\others\assistance\or bovan\2019-12-25\hw2\cg\release\model.obj
c:\others\assistance\or bovan\2019-12-25\hw2\cg\release\main.obj
c:\others\assistance\or bovan\2019-12-25\hw2\cg\release\camera.obj
c:\others\assistance\or bovan\2019-12-25\hw2\cg\release\wavefront_obj.obj
c:\others\assistance\or bovan\2019-12-25\hw2\release\cg.exe
c:\others\assistance\or bovan\2019-12-25\hw2\release\cg.pdb
c:\others\assistance\or bovan\2019-12-25\hw2\cg\release\cg.tlog\cg.write.1u.tlog
c:\others\assistance\or bovan\2019-12-25\hw2\cg\release\cg.tlog\cl.command.1.tlog
c:\others\assistance\or bovan\2019-12-25\hw2\cg\release\cg.tlog\cl.read.1.tlog
c:\others\assistance\or bovan\2019-12-25\hw2\cg\release\cg.tlog\cl.write.1.tlog
c:\others\assistance\or bovan\2019-12-25\hw2\cg\release\cg.tlog\link.command.1.tlog
c:\others\assistance\or bovan\2019-12-25\hw2\cg\release\cg.tlog\link.read.1.tlog
c:\others\assistance\or bovan\2019-12-25\hw2\cg\release\cg.tlog\link.write.1.tlog
