c:\gfx\hw2\cg\debug\vc141.pdb
c:\gfx\hw2\cg\debug\vc141.idb
c:\gfx\hw2\cg\debug\wavefront_obj.obj
c:\gfx\hw2\cg\debug\camera.obj
c:\gfx\hw2\cg\debug\main.obj
c:\gfx\hw2\cg\debug\model.obj
c:\gfx\hw2\cg\debug\obj.obj
c:\gfx\hw2\cg\debug\renderer.obj
c:\gfx\hw2\cg\debug\utils.obj
c:\gfx\hw2\cg\debug\scene.obj
c:\gfx\hw2\debug\cg.exe
c:\gfx\hw2\debug\cg.ilk
c:\gfx\hw2\debug\cg.pdb
c:\gfx\hw2\cg\debug\object.obj
c:\gfx\hw2\cg\debug\cg.tlog\cl.command.1.tlog
c:\gfx\hw2\cg\debug\cg.tlog\cl.read.1.tlog
c:\gfx\hw2\cg\debug\cg.tlog\cl.write.1.tlog
c:\gfx\hw2\cg\debug\cg.tlog\link.command.1.tlog
c:\gfx\hw2\cg\debug\cg.tlog\link.read.1.tlog
c:\gfx\hw2\cg\debug\cg.tlog\link.write.1.tlog
